2024-03-22 07:59:13 - Solicitud no auténtica: 


2024-03-22 07:59:30 - Solicitud no auténtica: 2024-03-23 23:45:16 - Solicitud no auténtica: 


2024-03-23 23:45:37 - Solicitud no auténtica: 


2024-03-29 19:56:18 - Solicitud no auténtica: 
{"action":"payment.updated","api_version":"v1","data":{"id":"1322150049"},"date_created":"2024-03-30T00:38:45Z","id":112133048196,"live_mode":false,"type":"payment","user_id":"1736789621"}

2024-03-29 19:56:22 - Solicitud no auténtica: 
{"action":"payment.created","api_version":"v1","data":{"id":"1322149263"},"date_created":"2024-03-30T00:03:05Z","id":112101717977,"live_mode":false,"type":"payment","user_id":"1736789621"}

2024-03-29 19:56:57 - Solicitud no auténtica: 
{"action":"payment.created","api_version":"v1","data":{"id":"1317670826"},"date_created":"2024-03-30T00:01:06Z","id":112101831667,"live_mode":false,"type":"payment","user_id":"1736789621"}

2024-03-29 19:57:01 - Solicitud no auténtica: 
{"resource":"https://api.mercadolibre.com/merchant_orders/17139943003","topic":"merchant_order"}

2024-03-29 19:57:10 - Solicitud no auténtica: 
{"resource":"https://api.mercadolibre.com/merchant_orders/17146246258","topic":"merchant_order"}

2024-03-29 19:57:17 - Solicitud no auténtica: 
{"resource":"https://api.mercadolibre.com/merchant_orders/17147330384","topic":"merchant_order"}

2024-03-29 20:00:34 - Solicitud no auténtica: 
{"action":"payment.updated","api_version":"v1","data":{"id":"74884383163"},"date_created":"2024-03-27T17:57:22Z","id":112133091002,"live_mode":true,"type":"payment","user_id":"710691567"}

2024-03-29 20:00:36 - Solicitud no auténtica: 
{"resource":"https://api.mercadolibre.com/merchant_orders/17072601222","topic":"merchant_order"}

2024-03-29 20:01:03 - Solicitud no auténtica: 
{"resource":"https://api.mercadolibre.com/collections/notifications/74884383163","topic":"payment"}

2024-03-29 20:01:23 - Solicitud no auténtica: 
{"resource":"https://api.mercadolibre.com/merchant_orders/17140029975","topic":"merchant_order"}

2024-03-29 20:01:27 - Solicitud no auténtica: 
{"action":"payment.created","api_version":"v1","data":{"id":"1317670872"},"date_created":"2024-03-30T00:09:55Z","id":112101951891,"live_mode":false,"type":"payment","user_id":"1736789621"}

2024-03-29 20:01:37 - Solicitud no auténtica: 
{"resource":"https://api.mercadolibre.com/merchant_orders/17146354466","topic":"merchant_order"}

2024-03-29 20:01:56 - Solicitud no auténtica: 
{"action":"payment.created","api_version":"v1","data":{"id":"1322149271"},"date_created":"2024-03-30T00:06:09Z","id":112133213684,"live_mode":false,"type":"payment","user_id":"1736789621"}

2024-03-29 20:05:41 - Solicitud no auténtica: 
{"action":"payment.updated","api_version":"v1","data":{"id":"1322149343"},"date_created":"2024-03-30T00:12:51Z","id":112133221478,"live_mode":false,"type":"payment","user_id":"1736789621"}

2024-03-29 20:05:58 - Solicitud no auténtica: 
{"resource":"https://api.mercadolibre.com/merchant_orders/17146596676","topic":"merchant_order"}

2024-03-29 20:06:05 - Solicitud no auténtica: 
{"resource":"https://api.mercadolibre.com/merchant_orders/17140143621","topic":"merchant_order"}

2024-03-29 20:15:32 - Solicitud no auténtica: 
{"resource":"https://api.mercadolibre.com/merchant_orders/17146817664","topic":"merchant_order"}

2024-03-29 20:15:34 - Solicitud no auténtica: 
{"action":"payment.created","api_version":"v1","data":{"id":"1322149985"},"date_created":"2024-03-30T00:20:31Z","id":112102252607,"live_mode":false,"type":"payment","user_id":"1736789621"}

2024-03-29 20:21:42 - Solicitud no auténtica: 
{"resource":"https://api.mercadolibre.com/merchant_orders/17147024496","topic":"merchant_order"}

2024-03-29 20:21:45 - Solicitud no auténtica: 
{"action":"payment.created","api_version":"v1","data":{"id":"1322150007"},"date_created":"2024-03-30T00:29:31Z","id":112133758360,"live_mode":false,"type":"payment","user_id":"1736789621"}

2024-03-29 20:22:09 - Solicitud no auténtica: 
{"action":"payment.created","api_version":"v1","data":{"id":"1322149443"},"date_created":"2024-03-30T00:27:49Z","id":112133774726,"live_mode":false,"type":"payment","user_id":"1736789621"}

2024-03-29 20:25:33 - Solicitud no auténtica: 
{"resource":"https://api.mercadolibre.com/merchant_orders/17147072532","topic":"merchant_order"}

2024-03-29 20:26:00 - Solicitud no auténtica: 
{"resource":"https://api.mercadolibre.com/merchant_orders/17147106328","topic":"merchant_order"}

2024-03-29 20:26:24 - Solicitud no auténtica: 
{"action":"payment.created","api_version":"v1","data":{"id":"1322149495"},"date_created":"2024-03-30T00:34:18Z","id":112133869162,"live_mode":false,"type":"payment","user_id":"1736789621"}

2024-03-29 20:26:31 - Solicitud no auténtica: 
{"action":"payment.created","api_version":"v1","data":{"id":"1322149459"},"date_created":"2024-03-30T00:30:44Z","id":112133874726,"live_mode":false,"type":"payment","user_id":"1736789621"}

2024-03-29 20:26:35 - Solicitud no auténtica: 
{"resource":"https://api.mercadolibre.com/merchant_orders/17148524372","topic":"merchant_order"}

2024-03-29 20:27:36 - Solicitud no auténtica: 
{"resource":"https://api.mercadolibre.com/merchant_orders/17148524372","topic":"merchant_order"}

2024-03-29 20:27:36 - Solicitud no auténtica: 
{"resource":"https://api.mercadolibre.com/merchant_orders/17148524372","topic":"merchant_order"}

2024-03-29 20:31:47 - Solicitud no auténtica: 
{"resource":"https://api.mercadolibre.com/merchant_orders/17147213212","topic":"merchant_order"}

2024-03-29 20:31:55 - Solicitud no auténtica: 
{"action":"payment.updated","api_version":"v1","data":{"id":"1322150049"},"date_created":"2024-03-30T00:38:45Z","id":112134017680,"live_mode":false,"type":"payment","user_id":"1736789621"}

2024-03-29 20:31:56 - Solicitud no auténtica: 
{"resource":"https://api.mercadolibre.com/merchant_orders/17147330384","topic":"merchant_order"}

2024-03-29 20:42:59 - Solicitud no auténtica: 
{"resource":"https://api.mercadolibre.com/merchant_orders/17142524417","topic":"merchant_order"}

2024-03-29 20:43:00 - Solicitud no auténtica: 
{"action":"payment.created","api_version":"v1","data":{"id":"75036686053"},"date_created":"2024-03-30T01:42:59Z","id":112134304180,"live_mode":true,"type":"payment","user_id":"295919084"}

2024-03-29 20:43:00 - Solicitud no auténtica: 
{"resource":"https://api.mercadolibre.com/collections/notifications/75036686053","topic":"payment"}

2024-03-29 20:43:01 - Solicitud no auténtica: 
{"resource":"https://api.mercadolibre.com/merchant_orders/17142524417","topic":"merchant_order"}

2024-03-29 20:44:00 - Solicitud no auténtica: 
{"resource":"https://api.mercadolibre.com/merchant_orders/17142524417","topic":"merchant_order"}

2024-03-29 20:44:01 - Solicitud no auténtica: 
{"resource":"https://api.mercadolibre.com/merchant_orders/17142524417","topic":"merchant_order"}

2024-03-29 20:44:01 - Solicitud no auténtica: 
{"resource":"https://api.mercadolibre.com/collections/notifications/75036686053","topic":"payment"}

2024-03-29 20:44:01 - Solicitud no auténtica: 
{"action":"payment.created","api_version":"v1","data":{"id":"75036686053"},"date_created":"2024-03-30T01:42:59Z","id":112103074179,"live_mode":true,"type":"payment","user_id":"295919084"}

2024-03-29 20:44:01 - Solicitud no auténtica: 
{"resource":"https://api.mercadolibre.com/merchant_orders/17142524417","topic":"merchant_order"}

2024-03-29 20:44:02 - Solicitud no auténtica: 
{"resource":"https://api.mercadolibre.com/collections/notifications/75036686053","topic":"payment"}

2024-03-29 20:44:02 - Solicitud no auténtica: 
{"action":"payment.created","api_version":"v1","data":{"id":"75036686053"},"date_created":"2024-03-30T01:42:59Z","id":112134320514,"live_mode":true,"type":"payment","user_id":"295919084"}

2024-03-29 20:44:02 - Solicitud no auténtica: 
{"resource":"https://api.mercadolibre.com/merchant_orders/17142524417","topic":"merchant_order"}

2024-03-29 20:44:04 - Solicitud no auténtica: 
{"resource":"https://api.mercadolibre.com/collections/notifications/75036686053","topic":"payment"}

2024-03-29 20:44:04 - Solicitud no auténtica: 
{"action":"payment.updated","api_version":"v1","data":{"id":"75036686053"},"date_created":"2024-03-30T01:42:59Z","id":112134322454,"live_mode":true,"type":"payment","user_id":"295919084"}

2024-03-29 20:44:05 - Solicitud no auténtica: 
{"action":"payment.updated","api_version":"v1","data":{"id":"75036686053"},"date_created":"2024-03-30T01:42:59Z","id":112134320632,"live_mode":true,"type":"payment","user_id":"295919084"}

2024-03-29 20:44:05 - Solicitud no auténtica: 
{"resource":"https://api.mercadolibre.com/collections/notifications/75036686053","topic":"payment"}

2024-03-29 20:44:05 - Solicitud no auténtica: 
{"resource":"https://api.mercadolibre.com/merchant_orders/17142524417","topic":"merchant_order"}

2024-03-29 20:44:05 - Solicitud no auténtica: 
{"resource":"https://api.mercadolibre.com/merchant_orders/17142524417","topic":"merchant_order"}

2024-03-29 20:46:36 - Solicitud no auténtica: 
{"resource":"https://api.mercadolibre.com/merchant_orders/17148524372","topic":"merchant_order"}

2024-03-29 20:48:43 - Solicitud no auténtica: 
{"resource":"https://api.mercadolibre.com/collections/notifications/74877573238","topic":"payment"}

2024-03-29 20:49:37 - Solicitud no auténtica: 
{"action":"payment.updated","api_version":"v1","data":{"id":"74877573238"},"date_created":"2024-03-23T18:35:32Z","id":112103197023,"live_mode":true,"type":"payment","user_id":"1734060269"}

2024-03-29 20:57:15 - Solicitud no auténtica: 
{"action":"payment.updated","api_version":"v1","data":{"id":"75036686053"},"date_created":"2024-03-30T01:42:59Z","id":112103377901,"live_mode":true,"type":"payment","user_id":"295919084"}

2024-03-29 20:57:15 - Solicitud no auténtica: 
{"resource":"https://api.mercadolibre.com/collections/notifications/75036686053","topic":"payment"}

2024-03-29 20:57:16 - Solicitud no auténtica: 
{"action":"payment.updated","api_version":"v1","data":{"id":"75036686053"},"date_created":"2024-03-30T01:42:59Z","id":112134609360,"live_mode":true,"type":"payment","user_id":"295919084"}

2024-03-29 20:57:16 - Solicitud no auténtica: 
{"resource":"https://api.mercadolibre.com/merchant_orders/17142524417","topic":"merchant_order"}

2024-03-29 20:57:16 - Solicitud no auténtica: 
{"resource":"https://api.mercadolibre.com/collections/notifications/75036686053","topic":"payment"}

2024-03-29 20:57:16 - Solicitud no auténtica: 
{"resource":"https://api.mercadolibre.com/merchant_orders/17142524417","topic":"merchant_order"}

2024-03-29 21:02:56 - Solicitud no auténtica: 
{"resource":"https://api.mercadolibre.com/merchant_orders/16957087862","topic":"merchant_order"}

2024-03-29 21:04:25 - Solicitud no auténtica: 
{"resource":"https://api.mercadolibre.com/merchant_orders/17142974319","topic":"merchant_order"}

2024-03-29 21:04:27 - Solicitud no auténtica: 
{"action":"payment.created","api_version":"v1","data":{"id":"75037626847"},"date_created":"2024-03-30T02:04:25Z","id":112134790048,"live_mode":true,"type":"payment","user_id":"295919084"}

2024-03-29 21:04:27 - Solicitud no auténtica: 
{"resource":"https://api.mercadolibre.com/merchant_orders/17142974319","topic":"merchant_order"}

2024-03-29 21:04:27 - Solicitud no auténtica: 
{"resource":"https://api.mercadolibre.com/collections/notifications/75037626847","topic":"payment"}

2024-03-29 21:04:27 - Solicitud no auténtica: 
{"resource":"https://api.mercadolibre.com/merchant_orders/17142974319","topic":"merchant_order"}

2024-03-29 21:04:28 - Solicitud no auténtica: 
{"resource":"https://api.mercadolibre.com/merchant_orders/17142974319","topic":"merchant_order"}

2024-03-29 21:05:27 - Solicitud no auténtica: 
{"action":"payment.created","api_version":"v1","data":{"id":"75037626847"},"date_created":"2024-03-30T02:04:25Z","id":112134801670,"live_mode":true,"type":"payment","user_id":"295919084"}

2024-03-29 21:05:27 - Solicitud no auténtica: 
{"resource":"https://api.mercadolibre.com/collections/notifications/75037626847","topic":"payment"}

2024-03-29 21:05:28 - Solicitud no auténtica: 
{"action":"payment.created","api_version":"v1","data":{"id":"75037626847"},"date_created":"2024-03-30T02:04:25Z","id":112134806264,"live_mode":true,"type":"payment","user_id":"295919084"}

2024-03-29 21:05:28 - Solicitud no auténtica: 
{"resource":"https://api.mercadolibre.com/collections/notifications/75037626847","topic":"payment"}

2024-03-29 21:05:31 - Solicitud no auténtica: 
{"action":"payment.updated","api_version":"v1","data":{"id":"75037626847"},"date_created":"2024-03-30T02:04:25Z","id":112103558395,"live_mode":true,"type":"payment","user_id":"295919084"}

2024-03-29 21:05:31 - Solicitud no auténtica: 
{"resource":"https://api.mercadolibre.com/collections/notifications/75037626847","topic":"payment"}

2024-03-29 21:05:31 - Solicitud no auténtica: 
{"action":"payment.updated","api_version":"v1","data":{"id":"75037626847"},"date_created":"2024-03-30T02:04:25Z","id":112134806316,"live_mode":true,"type":"payment","user_id":"295919084"}

2024-03-29 21:05:31 - Solicitud no auténtica: 
{"resource":"https://api.mercadolibre.com/collections/notifications/75037626847","topic":"payment"}

2024-03-29 21:05:31 - Solicitud no auténtica: 
{"resource":"https://api.mercadolibre.com/merchant_orders/17142974319","topic":"merchant_order"}

2024-03-29 21:05:32 - Solicitud no auténtica: 
{"resource":"https://api.mercadolibre.com/merchant_orders/17142974319","topic":"merchant_order"}

2024-03-29 21:12:57 - Solicitud no auténtica: 
{"resource":"https://api.mercadolibre.com/merchant_orders/17149518076","topic":"merchant_order"}

2024-03-29 21:12:58 - Solicitud no auténtica: 
{"resource":"https://api.mercadolibre.com/merchant_orders/17149518076","topic":"merchant_order"}

2024-03-29 21:12:58 - Solicitud no auténtica: 
{"action":"payment.created","api_version":"v1","data":{"id":"75268570796"},"date_created":"2024-03-30T02:12:57Z","id":112134899900,"live_mode":true,"type":"payment","user_id":"295919084"}

2024-03-29 21:12:58 - Solicitud no auténtica: 
{"resource":"https://api.mercadolibre.com/collections/notifications/75268570796","topic":"payment"}

2024-03-29 21:12:58 - Solicitud no auténtica: 
{"resource":"https://api.mercadolibre.com/merchant_orders/17149518076","topic":"merchant_order"}

2024-03-29 21:13:08 - Solicitud no auténtica: 
{"resource":"https://api.mercadolibre.com/merchant_orders/16957787772","topic":"merchant_order"}

2024-03-29 21:13:55 - Solicitud no auténtica: 
{"resource":"https://api.mercadolibre.com/merchant_orders/16951606309","topic":"merchant_order"}

2024-03-29 21:13:59 - Solicitud no auténtica: 
{"action":"payment.created","api_version":"v1","data":{"id":"75268570796"},"date_created":"2024-03-30T02:12:57Z","id":112103756115,"live_mode":true,"type":"payment","user_id":"295919084"}

2024-03-29 21:13:59 - Solicitud no auténtica: 
{"resource":"https://api.mercadolibre.com/collections/notifications/75268570796","topic":"payment"}

2024-03-29 21:13:59 - Solicitud no auténtica: 
{"resource":"https://api.mercadolibre.com/merchant_orders/17149518076","topic":"merchant_order"}

2024-03-29 21:13:59 - Solicitud no auténtica: 
{"resource":"https://api.mercadolibre.com/merchant_orders/17149518076","topic":"merchant_order"}

2024-03-29 21:13:59 - Solicitud no auténtica: 
{"resource":"https://api.mercadolibre.com/collections/notifications/75268570796","topic":"payment"}

2024-03-29 21:13:59 - Solicitud no auténtica: 
{"action":"payment.created","api_version":"v1","data":{"id":"75268570796"},"date_created":"2024-03-30T02:12:57Z","id":112103754201,"live_mode":true,"type":"payment","user_id":"295919084"}

2024-03-29 21:14:03 - Solicitud no auténtica: 
{"action":"payment.updated","api_version":"v1","data":{"id":"75268570796"},"date_created":"2024-03-30T02:12:57Z","id":112103743671,"live_mode":true,"type":"payment","user_id":"295919084"}

2024-03-29 21:14:03 - Solicitud no auténtica: 
{"resource":"https://api.mercadolibre.com/collections/notifications/75268570796","topic":"payment"}

2024-03-29 21:14:03 - Solicitud no auténtica: 
{"action":"payment.updated","api_version":"v1","data":{"id":"75268570796"},"date_created":"2024-03-30T02:12:57Z","id":112103754261,"live_mode":true,"type":"payment","user_id":"295919084"}

2024-03-29 21:14:03 - Solicitud no auténtica: 
{"resource":"https://api.mercadolibre.com/collections/notifications/75268570796","topic":"payment"}

2024-03-29 21:14:03 - Solicitud no auténtica: 
{"resource":"https://api.mercadolibre.com/merchant_orders/17149518076","topic":"merchant_order"}

2024-03-29 21:14:04 - Solicitud no auténtica: 
{"resource":"https://api.mercadolibre.com/merchant_orders/17149518076","topic":"merchant_order"}

2024-03-29 21:14:38 - Solicitud no auténtica: 
{"action":"payment.updated","api_version":"v1","data":{"id":"75268570796"},"date_created":"2024-03-30T02:12:57Z","id":112135004744,"live_mode":true,"type":"payment","user_id":"295919084"}

2024-03-29 21:14:39 - Solicitud no auténtica: 
{"resource":"https://api.mercadolibre.com/collections/notifications/75268570796","topic":"payment"}

2024-03-29 21:14:39 - Solicitud no auténtica: 
{"action":"payment.updated","api_version":"v1","data":{"id":"75268570796"},"date_created":"2024-03-30T02:12:57Z","id":112103754993,"live_mode":true,"type":"payment","user_id":"295919084"}

2024-03-29 21:14:39 - Solicitud no auténtica: 
{"resource":"https://api.mercadolibre.com/merchant_orders/17149518076","topic":"merchant_order"}

2024-03-29 21:14:39 - Solicitud no auténtica: 
{"resource":"https://api.mercadolibre.com/collections/notifications/75268570796","topic":"payment"}

2024-03-29 21:14:39 - Solicitud no auténtica: 
{"resource":"https://api.mercadolibre.com/merchant_orders/17149518076","topic":"merchant_order"}

2024-03-29 21:16:09 - Solicitud no auténtica: 
{"resource":"https://api.mercadolibre.com/collections/notifications/75036686053","topic":"payment"}

2024-03-29 21:16:37 - Solicitud no auténtica: 
{"resource":"https://api.mercadolibre.com/merchant_orders/17142524417","topic":"merchant_order"}

2024-03-29 21:16:39 - Solicitud no auténtica: 
{"action":"payment.updated","api_version":"v1","data":{"id":"75036686053"},"date_created":"2024-03-30T01:42:59Z","id":112135056546,"live_mode":true,"type":"payment","user_id":"295919084"}

2024-03-29 21:20:41 - Solicitud no auténtica: 
{"resource":"https://api.mercadolibre.com/merchant_orders/16957927544","topic":"merchant_order"}

2024-03-29 21:20:49 - Solicitud no auténtica: 
{"resource":"https://api.mercadolibre.com/merchant_orders/17148524372","topic":"merchant_order"}

2024-03-29 21:26:11 - Solicitud no auténtica: 
{"resource":"https://api.mercadolibre.com/merchant_orders/17142974319","topic":"merchant_order"}

2024-03-29 21:26:18 - Solicitud no auténtica: 
{"action":"payment.updated","api_version":"v1","data":{"id":"75037626847"},"date_created":"2024-03-30T02:04:25Z","id":112104011285,"live_mode":true,"type":"payment","user_id":"295919084"}

2024-03-29 21:26:21 - Solicitud no auténtica: 
{"resource":"https://api.mercadolibre.com/collections/notifications/75037626847","topic":"payment"}

2024-03-29 21:28:28 - Solicitud no auténtica: 
{"resource":"https://api.mercadolibre.com/merchant_orders/16958031710","topic":"merchant_order"}

2024-03-29 21:30:36 - Solicitud no auténtica: 
{"resource":"https://api.mercadolibre.com/collections/notifications/75268570796","topic":"payment"}

2024-03-29 21:30:36 - Solicitud no auténtica: 
{"action":"payment.updated","api_version":"v1","data":{"id":"75268570796"},"date_created":"2024-03-30T02:12:57Z","id":112104102397,"live_mode":true,"type":"payment","user_id":"295919084"}

2024-03-29 21:30:40 - Solicitud no auténtica: 
{"resource":"https://api.mercadolibre.com/merchant_orders/16951979135","topic":"merchant_order"}

2024-03-29 21:31:28 - Solicitud no auténtica: 
{"resource":"https://api.mercadolibre.com/merchant_orders/17149518076","topic":"merchant_order"}

2024-03-29 21:31:49 - Solicitud no auténtica: 
{"resource":"https://api.mercadolibre.com/merchant_orders/17075124366","topic":"merchant_order"}

2024-03-29 21:31:54 - Solicitud no auténtica: 
{"resource":"https://api.mercadolibre.com/merchant_orders/16951903083","topic":"merchant_order"}

2024-03-29 21:31:54 - Solicitud no auténtica: 
{"action":"payment.updated","api_version":"v1","data":{"id":"74889422305"},"date_created":"2024-03-27T19:23:10Z","id":112104144917,"live_mode":true,"type":"payment","user_id":"710691567"}

2024-03-29 21:31:55 - Solicitud no auténtica: 
{"resource":"https://api.mercadolibre.com/collections/notifications/74889422305","topic":"payment"}

2024-03-29 21:33:26 - Solicitud no auténtica: 
{"resource":"https://api.mercadolibre.com/merchant_orders/16951916211","topic":"merchant_order"}

2024-03-29 21:36:19 - Solicitud no auténtica: 
{"resource":"https://api.mercadolibre.com/merchant_orders/17132569983","topic":"merchant_order"}

2024-03-29 21:36:37 - Solicitud no auténtica: 
{"action":"payment.created","api_version":"v1","data":{"id":"1317669378"},"date_created":"2024-03-29T19:38:13Z","id":112104231933,"live_mode":false,"type":"payment","user_id":"1736789621"}

2024-03-29 21:38:57 - Solicitud no auténtica: 
{"resource":"https://api.mercadolibre.com/merchant_orders/16952046945","topic":"merchant_order"}

2024-03-29 21:40:13 - Solicitud no auténtica: 
{"action":"payment.updated","api_version":"v1","data":{"id":"74651340017"},"date_created":"2024-03-23T19:18:45Z","id":112135521158,"live_mode":true,"type":"payment","user_id":"1734060269"}

2024-03-29 21:42:16 - Solicitud no auténtica: 
{"resource":"https://api.mercadolibre.com/merchant_orders/16958232600","topic":"merchant_order"}

2024-03-29 21:43:55 - Solicitud no auténtica: 
{"resource":"https://api.mercadolibre.com/merchant_orders/16958083562","topic":"merchant_order"}

2024-03-29 21:44:10 - Solicitud no auténtica: 
{"resource":"https://api.mercadolibre.com/collections/notifications/74651340017","topic":"payment"}

2024-03-29 21:45:32 - Solicitud no auténtica: 
{"resource":"https://api.mercadolibre.com/merchant_orders/16951753433","topic":"merchant_order"}

2024-03-29 21:45:47 - Solicitud no auténtica: 
{"resource":"https://api.mercadolibre.com/merchant_orders/17143757299","topic":"merchant_order"}

2024-03-29 21:46:48 - Solicitud no auténtica: 
{"resource":"https://api.mercadolibre.com/merchant_orders/17143757299","topic":"merchant_order"}

2024-03-29 21:46:49 - Solicitud no auténtica: 
{"resource":"https://api.mercadolibre.com/merchant_orders/17143757299","topic":"merchant_order"}

2024-03-29 21:50:23 - Solicitud no auténtica: 
{"resource":"https://api.mercadolibre.com/collections/notifications/75036686053","topic":"payment"}

2024-03-29 21:50:53 - Solicitud no auténtica: 
{"resource":"https://api.mercadolibre.com/merchant_orders/17142524417","topic":"merchant_order"}

2024-03-29 21:50:54 - Solicitud no auténtica: 
{"action":"payment.updated","api_version":"v1","data":{"id":"75036686053"},"date_created":"2024-03-30T01:42:59Z","id":112104496947,"live_mode":true,"type":"payment","user_id":"295919084"}

2024-03-29 22:00:11 - Solicitud no auténtica: 
{"resource":"https://api.mercadolibre.com/merchant_orders/17150367024","topic":"merchant_order"}

2024-03-29 22:00:32 - Solicitud no auténtica: 
{"resource":"https://api.mercadolibre.com/collections/notifications/75037626847","topic":"payment"}

2024-03-29 22:00:32 - Solicitud no auténtica: 
{"action":"payment.updated","api_version":"v1","data":{"id":"75037626847"},"date_created":"2024-03-30T02:04:25Z","id":112104686359,"live_mode":true,"type":"payment","user_id":"295919084"}

2024-03-29 22:00:33 - Solicitud no auténtica: 
{"resource":"https://api.mercadolibre.com/merchant_orders/17142974319","topic":"merchant_order"}

2024-03-29 22:01:12 - Solicitud no auténtica: 
{"resource":"https://api.mercadolibre.com/merchant_orders/17150367024","topic":"merchant_order"}

2024-03-29 22:01:13 - Solicitud no auténtica: 
{"resource":"https://api.mercadolibre.com/merchant_orders/17150367024","topic":"merchant_order"}

2024-03-29 22:01:22 - Solicitud no auténtica: 
{"resource":"https://api.mercadolibre.com/merchant_orders/17076129408","topic":"merchant_order"}

2024-03-29 22:01:39 - Solicitud no auténtica: 
{"resource":"https://api.mercadolibre.com/merchant_orders/17144020655","topic":"merchant_order"}

2024-03-29 22:01:49 - Solicitud no auténtica: 
{"resource":"https://api.mercadolibre.com/collections/notifications/75121491762","topic":"payment"}

2024-03-29 22:01:51 - Solicitud no auténtica: 
{"action":"payment.updated","api_version":"v1","data":{"id":"75121491762"},"date_created":"2024-03-27T19:55:07Z","id":112104723149,"live_mode":true,"type":"payment","user_id":"295919084"}

2024-03-29 22:02:39 - Solicitud no auténtica: 
{"resource":"https://api.mercadolibre.com/merchant_orders/17144020655","topic":"merchant_order"}

2024-03-29 22:02:40 - Solicitud no auténtica: 
{"resource":"https://api.mercadolibre.com/merchant_orders/17144020655","topic":"merchant_order"}

2024-03-29 22:03:22 - Solicitud no auténtica: 
{"resource":"https://api.mercadolibre.com/merchant_orders/17144047911","topic":"merchant_order"}

2024-03-29 22:03:23 - Solicitud no auténtica: 
{"resource":"https://api.mercadolibre.com/collections/notifications/75039674955","topic":"payment"}

2024-03-29 22:03:23 - Solicitud no auténtica: 
{"action":"payment.created","api_version":"v1","data":{"id":"75039674955"},"date_created":"2024-03-30T03:03:22Z","id":112104677607,"live_mode":true,"type":"payment","user_id":"1736789621"}

2024-03-29 22:03:23 - Solicitud no auténtica: 
{"resource":"https://api.mercadolibre.com/merchant_orders/17144047911","topic":"merchant_order"}

2024-03-29 22:04:23 - Solicitud no auténtica: 
{"resource":"https://api.mercadolibre.com/merchant_orders/17144047911","topic":"merchant_order"}

2024-03-29 22:04:24 - Solicitud no auténtica: 
{"action":"payment.created","api_version":"v1","data":{"id":"75039674955"},"date_created":"2024-03-30T03:03:22Z","id":112135993902,"live_mode":true,"type":"payment","user_id":"1736789621"}

2024-03-29 22:04:24 - Solicitud no auténtica: 
{"resource":"https://api.mercadolibre.com/collections/notifications/75039674955","topic":"payment"}

2024-03-29 22:04:24 - Solicitud no auténtica: 
{"resource":"https://api.mercadolibre.com/merchant_orders/17144047911","topic":"merchant_order"}

2024-03-29 22:04:24 - Solicitud no auténtica: 
{"action":"payment.created","api_version":"v1","data":{"id":"75039674955"},"date_created":"2024-03-30T03:03:22Z","id":112135985612,"live_mode":true,"type":"payment","user_id":"1736789621"}

2024-03-29 22:04:25 - Solicitud no auténtica: 
{"resource":"https://api.mercadolibre.com/collections/notifications/75039674955","topic":"payment"}

2024-03-29 22:04:51 - Solicitud no auténtica: 
{"resource":"https://api.mercadolibre.com/merchant_orders/17144070513","topic":"merchant_order"}

2024-03-29 22:04:52 - Solicitud no auténtica: 
{"action":"payment.created","api_version":"v1","data":{"id":"1317671364"},"date_created":"2024-03-30T03:04:51Z","id":112136006328,"live_mode":false,"type":"payment","user_id":"1736789621"}

2024-03-29 22:04:53 - Solicitud no auténtica: 
{"action":"payment.created","api_version":"v1","data":{"id":"1317671364"},"date_created":"2024-03-30T03:04:51Z","id":112104760311,"live_mode":false,"type":"payment","user_id":"1736789621"}

2024-03-29 22:05:00 - Solicitud no auténtica: 
{"resource":"https://api.mercadolibre.com/merchant_orders/17144047911","topic":"merchant_order"}

2024-03-29 22:05:00 - Solicitud no auténtica: 
{"resource":"https://api.mercadolibre.com/merchant_orders/17144047911","topic":"merchant_order"}

2024-03-29 22:05:01 - Solicitud no auténtica: 
{"action":"payment.updated","api_version":"v1","data":{"id":"1317671364"},"date_created":"2024-03-30T03:04:51Z","id":112104754741,"live_mode":false,"type":"payment","user_id":"1736789621"}

2024-03-29 22:05:02 - Solicitud no auténtica: 
{"action":"payment.updated","api_version":"v1","data":{"id":"1317671364"},"date_created":"2024-03-30T03:04:51Z","id":112104760667,"live_mode":false,"type":"payment","user_id":"1736789621"}

2024-03-29 22:05:40 - Solicitud no auténtica: 
{"resource":"https://api.mercadolibre.com/merchant_orders/17149518076","topic":"merchant_order"}

2024-03-29 22:05:40 - Solicitud no auténtica: 
{"resource":"https://api.mercadolibre.com/collections/notifications/75268570796","topic":"payment"}

2024-03-29 22:05:46 - Solicitud no auténtica: 
{"action":"payment.updated","api_version":"v1","data":{"id":"75268570796"},"date_created":"2024-03-30T02:12:57Z","id":112136018444,"live_mode":true,"type":"payment","user_id":"295919084"}

2024-03-29 22:05:52 - Solicitud no auténtica: 
{"resource":"https://api.mercadolibre.com/merchant_orders/17144070513","topic":"merchant_order"}

2024-03-29 22:05:53 - Solicitud no auténtica: 
{"resource":"https://api.mercadolibre.com/merchant_orders/17144070513","topic":"merchant_order"}

2024-03-29 22:06:07 - Solicitud no auténtica: 
{"resource":"https://api.mercadolibre.com/merchant_orders/17143757299","topic":"merchant_order"}

2024-03-29 22:06:21 - Solicitud no auténtica: 
{"resource":"https://api.mercadolibre.com/collections/notifications/75121813146","topic":"payment"}

2024-03-29 22:06:37 - Solicitud no auténtica: 
{"resource":"https://api.mercadolibre.com/merchant_orders/17076275788","topic":"merchant_order"}

2024-03-29 22:06:50 - Solicitud no auténtica: 
{"action":"payment.updated","api_version":"v1","data":{"id":"75121813146"},"date_created":"2024-03-27T19:59:41Z","id":112104808807,"live_mode":true,"type":"payment","user_id":"295919084"}

2024-03-29 22:10:16 - Solicitud no auténtica: 
{"resource":"https://api.mercadolibre.com/merchant_orders/16953034967","topic":"merchant_order"}

2024-03-29 22:11:05 - Solicitud no auténtica: 
{"resource":"https://api.mercadolibre.com/collections/notifications/74892039875","topic":"payment"}

2024-03-29 22:11:13 - Solicitud no auténtica: 
{"resource":"https://api.mercadolibre.com/merchant_orders/17076455162","topic":"merchant_order"}

2024-03-29 22:11:16 - Solicitud no auténtica: 
{"action":"payment.updated","api_version":"v1","data":{"id":"74892039875"},"date_created":"2024-03-27T20:05:03Z","id":112136128648,"live_mode":true,"type":"payment","user_id":"295919084"}

2024-03-29 22:11:26 - Solicitud no auténtica: 
{"action":"payment.updated","api_version":"v1","data":{"id":"1322147431"},"date_created":"2024-03-29T20:13:42Z","id":112136139958,"live_mode":false,"type":"payment","user_id":"1736789621"}

2024-03-29 22:11:30 - Solicitud no auténtica: 
{"resource":"https://api.mercadolibre.com/merchant_orders/17139728588","topic":"merchant_order"}

2024-03-29 22:11:52 - Solicitud no auténtica: 
{"resource":"https://api.mercadolibre.com/collections/notifications/74881939792","topic":"payment"}

2024-03-29 22:13:53 - Solicitud no auténtica: 
{"resource":"https://api.mercadolibre.com/merchant_orders/16959202632","topic":"merchant_order"}

2024-03-29 22:14:06 - Solicitud no auténtica: 
{"resource":"https://api.mercadolibre.com/collections/notifications/74653159967","topic":"payment"}

2024-03-29 22:16:09 - Solicitud no auténtica: 
{"resource":"https://api.mercadolibre.com/collections/notifications/74881413056","topic":"payment"}

2024-03-29 22:17:11 - Solicitud no auténtica: 
{"resource":"https://api.mercadolibre.com/merchant_orders/16958984306","topic":"merchant_order"}

2024-03-29 22:17:25 - Solicitud no auténtica: 
{"action":"payment.created","api_version":"v1","data":{"id":"74653904639"},"date_created":"2024-03-23T20:02:36Z","id":112104991931,"live_mode":true,"type":"payment","user_id":"1736789621"}

2024-03-29 22:20:50 - Solicitud no auténtica: 
{"action":"payment.created","api_version":"v1","data":{"id":"74882857744"},"date_created":"2024-03-23T20:08:39Z","id":112105031561,"live_mode":true,"type":"payment","user_id":"1736789621"}

2024-03-29 22:20:57 - Solicitud no auténtica: 
{"resource":"https://api.mercadolibre.com/merchant_orders/17144047911","topic":"merchant_order"}

2024-03-29 22:21:19 - Solicitud no auténtica: 
{"resource":"https://api.mercadolibre.com/collections/notifications/75039674955","topic":"payment"}

2024-03-29 22:21:26 - Solicitud no auténtica: 
{"action":"payment.created","api_version":"v1","data":{"id":"75039674955"},"date_created":"2024-03-30T03:03:22Z","id":112105065023,"live_mode":true,"type":"payment","user_id":"1736789621"}

2024-03-29 22:21:27 - Solicitud no auténtica: 
{"resource":"https://api.mercadolibre.com/merchant_orders/17150367024","topic":"merchant_order"}

2024-03-29 22:21:27 - Solicitud no auténtica: 
{"resource":"https://api.mercadolibre.com/merchant_orders/17144020655","topic":"merchant_order"}

2024-03-29 22:21:28 - Solicitud no auténtica: 
{"resource":"https://api.mercadolibre.com/collections/notifications/74882857744","topic":"payment"}

2024-03-29 22:21:37 - Solicitud no auténtica: 
{"resource":"https://api.mercadolibre.com/merchant_orders/17139937612","topic":"merchant_order"}

2024-03-29 22:21:37 - Solicitud no auténtica: 
{"resource":"https://api.mercadolibre.com/merchant_orders/17076928058","topic":"merchant_order"}

2024-03-29 22:21:38 - Solicitud no auténtica: 
{"resource":"https://api.mercadolibre.com/merchant_orders/16953530967","topic":"merchant_order"}

2024-03-29 22:21:41 - Solicitud no auténtica: 
{"action":"payment.created","api_version":"v1","data":{"id":"1322147477"},"date_created":"2024-03-29T20:22:01Z","id":112136302322,"live_mode":false,"type":"payment","user_id":"1736789621"}

2024-03-29 22:21:49 - Solicitud no auténtica: 
{"resource":"https://api.mercadolibre.com/merchant_orders/17076821544","topic":"merchant_order"}

2024-03-29 22:23:14 - Solicitud no auténtica: 
{"resource":"https://api.mercadolibre.com/merchant_orders/16953438817","topic":"merchant_order"}

2024-03-29 22:25:25 - Solicitud no auténtica: 
{"resource":"https://api.mercadolibre.com/merchant_orders/17144070513","topic":"merchant_order"}

2024-03-29 22:25:54 - Solicitud no auténtica: 
{"action":"payment.updated","api_version":"v1","data":{"id":"1317671364"},"date_created":"2024-03-30T03:04:51Z","id":112136378806,"live_mode":false,"type":"payment","user_id":"1736789621"}

2024-03-29 22:26:12 - Solicitud no auténtica: 
{"action":"payment.created","api_version":"v1","data":{"id":"74881413056"},"date_created":"2024-03-23T19:43:26Z","id":112105142105,"live_mode":true,"type":"payment","user_id":"1734060269"}

2024-03-29 22:26:13 - Solicitud no auténtica: 
{"action":"payment.created","api_version":"v1","data":{"id":"1322147547"},"date_created":"2024-03-29T20:28:29Z","id":112136386734,"live_mode":false,"type":"payment","user_id":"1736789621"}

2024-03-29 22:26:14 - Solicitud no auténtica: 
{"resource":"https://api.mercadolibre.com/merchant_orders/17070729301","topic":"merchant_order"}

2024-03-29 22:26:22 - Solicitud no auténtica: 
{"resource":"https://api.mercadolibre.com/merchant_orders/17133714659","topic":"merchant_order"}

2024-03-29 22:26:25 - Solicitud no auténtica: 
{"resource":"https://api.mercadolibre.com/merchant_orders/17133683121","topic":"merchant_order"}

2024-03-29 22:26:26 - Solicitud no auténtica: 
{"action":"payment.created","api_version":"v1","data":{"id":"1322147521"},"date_created":"2024-03-29T20:26:57Z","id":112105145735,"live_mode":false,"type":"payment","user_id":"1736789621"}

2024-03-29 22:27:34 - Solicitud no auténtica: 
{"action":"payment.created","api_version":"v1","data":{"id":"74883165668"},"date_created":"2024-03-23T20:13:27Z","id":112136413850,"live_mode":true,"type":"payment","user_id":"1736789621"}

2024-03-29 22:27:53 - Solicitud no auténtica: 
{"action":"payment.created","api_version":"v1","data":{"id":"74654312857"},"date_created":"2024-03-23T20:10:41Z","id":112105161797,"live_mode":true,"type":"payment","user_id":"1736789621"}

2024-03-29 22:28:27 - Solicitud no auténtica: 
{"resource":"https://api.mercadolibre.com/merchant_orders/16959903014","topic":"merchant_order"}

2024-03-29 22:29:02 - Solicitud no auténtica: 
{"resource":"https://api.mercadolibre.com/collections/notifications/74654312857","topic":"payment"}

2024-03-29 22:29:36 - Solicitud no auténtica: 
{"action":"payment.created","api_version":"v1","data":{"id":"74653159967"},"date_created":"2024-03-23T19:51:15Z","id":112136438784,"live_mode":true,"type":"payment","user_id":"1736789621"}

2024-03-29 22:30:57 - Solicitud no auténtica: 
{"action":"payment.created","api_version":"v1","data":{"id":"74654913621"},"date_created":"2024-03-23T20:20:50Z","id":112136443960,"live_mode":true,"type":"payment","user_id":"1736789621"}

2024-03-29 22:31:03 - Solicitud no auténtica: 
{"action":"payment.created","api_version":"v1","data":{"id":"74654685501"},"date_created":"2024-03-23T20:17:44Z","id":112105205735,"live_mode":true,"type":"payment","user_id":"1736789621"}

2024-03-29 22:31:40 - Solicitud no auténtica: 
{"resource":"https://api.mercadolibre.com/collections/notifications/74883077612","topic":"payment"}

2024-03-29 22:36:30 - Solicitud no auténtica: 
{"resource":"https://api.mercadolibre.com/merchant_orders/17133985939","topic":"merchant_order"}

2024-03-29 22:36:32 - Solicitud no auténtica: 
{"action":"payment.created","api_version":"v1","data":{"id":"1317669748"},"date_created":"2024-03-29T20:39:32Z","id":112105307667,"live_mode":false,"type":"payment","user_id":"1736789621"}

2024-03-29 22:36:37 - Solicitud no auténtica: 
{"resource":"https://api.mercadolibre.com/collections/notifications/74654345277","topic":"payment"}

2024-03-29 22:37:02 - Solicitud no auténtica: 
{"resource":"https://api.mercadolibre.com/merchant_orders/16953472475","topic":"merchant_order"}

2024-03-29 22:37:57 - Solicitud no auténtica: 
{"resource":"https://api.mercadolibre.com/collections/notifications/74883506310","topic":"payment"}

2024-03-29 22:37:58 - Solicitud no auténtica: 
{"action":"payment.created","api_version":"v1","data":{"id":"74883692928"},"date_created":"2024-03-23T20:21:54Z","id":112136563162,"live_mode":true,"type":"payment","user_id":"1736789621"}

2024-03-29 22:38:12 - Solicitud no auténtica: 
{"action":"payment.created","api_version":"v1","data":{"id":"74881939792"},"date_created":"2024-03-23T19:53:42Z","id":112105327859,"live_mode":true,"type":"payment","user_id":"1736789621"}

2024-03-29 22:39:02 - Solicitud no auténtica: 
{"resource":"https://api.mercadolibre.com/merchant_orders/16960005912","topic":"merchant_order"}

2024-03-29 22:39:56 - Solicitud no auténtica: 
{"resource":"https://api.mercadolibre.com/collections/notifications/74654913621","topic":"payment"}

2024-03-29 22:40:36 - Solicitud no auténtica: 
{"resource":"https://api.mercadolibre.com/merchant_orders/16953849565","topic":"merchant_order"}

2024-03-29 22:40:44 - Solicitud no auténtica: 
{"resource":"https://api.mercadolibre.com/merchant_orders/17143757299","topic":"merchant_order"}

2024-03-29 22:41:43 - Solicitud no auténtica: 
{"resource":"https://api.mercadolibre.com/collections/notifications/74883692928","topic":"payment"}

2024-03-29 22:41:53 - Solicitud no auténtica: 
{"resource":"https://api.mercadolibre.com/merchant_orders/16959823096","topic":"merchant_order"}

2024-03-29 22:42:00 - Solicitud no auténtica: 
{"action":"payment.created","api_version":"v1","data":{"id":"1322148013"},"date_created":"2024-03-29T20:44:20Z","id":112105388019,"live_mode":false,"type":"payment","user_id":"1736789621"}

2024-03-29 22:42:45 - Solicitud no auténtica: 
{"action":"payment.created","api_version":"v1","data":{"id":"74883077612"},"date_created":"2024-03-23T20:12:12Z","id":112136643276,"live_mode":true,"type":"payment","user_id":"1736789621"}

2024-03-29 22:43:40 - Solicitud no auténtica: 
{"resource":"https://api.mercadolibre.com/merchant_orders/16960005912","topic":"merchant_order"}

2024-03-29 22:45:55 - Solicitud no auténtica: 
{"action":"payment.updated","api_version":"v1","data":{"id":"74893726241"},"date_created":"2024-03-27T20:28:40Z","id":112136675224,"live_mode":true,"type":"payment","user_id":"295919084"}

2024-03-29 22:46:05 - Solicitud no auténtica: 
{"resource":"https://api.mercadolibre.com/merchant_orders/16953751677","topic":"merchant_order"}

2024-03-29 22:46:14 - Solicitud no auténtica: 
{"resource":"https://api.mercadolibre.com/merchant_orders/17140477664","topic":"merchant_order"}

2024-03-29 22:46:23 - Solicitud no auténtica: 
{"resource":"https://api.mercadolibre.com/merchant_orders/17070961497","topic":"merchant_order"}

2024-03-29 22:46:28 - Solicitud no auténtica: 
{"resource":"https://api.mercadolibre.com/collections/notifications/74893726241","topic":"payment"}

2024-03-29 22:47:07 - Solicitud no auténtica: 
{"resource":"https://api.mercadolibre.com/merchant_orders/16960114402","topic":"merchant_order"}

2024-03-29 22:50:13 - Solicitud no auténtica: 
{"resource":"https://api.mercadolibre.com/merchant_orders/16953620097","topic":"merchant_order"}

2024-03-29 22:50:39 - Solicitud no auténtica: 
{"action":"payment.created","api_version":"v1","data":{"id":"74883326622"},"date_created":"2024-03-23T20:15:31Z","id":112136753956,"live_mode":true,"type":"payment","user_id":"1736789621"}

2024-03-29 22:55:31 - Solicitud no auténtica: 
{"resource":"https://api.mercadolibre.com/merchant_orders/17144047911","topic":"merchant_order"}

2024-03-29 22:55:37 - Solicitud no auténtica: 
{"action":"payment.created","api_version":"v1","data":{"id":"75039674955"},"date_created":"2024-03-30T03:03:22Z","id":112105598593,"live_mode":true,"type":"payment","user_id":"1736789621"}

2024-03-29 22:55:43 - Solicitud no auténtica: 
{"resource":"https://api.mercadolibre.com/merchant_orders/17150367024","topic":"merchant_order"}

2024-03-29 22:55:43 - Solicitud no auténtica: 
{"resource":"https://api.mercadolibre.com/merchant_orders/17144020655","topic":"merchant_order"}

2024-03-29 22:55:50 - Solicitud no auténtica: 
{"resource":"https://api.mercadolibre.com/collections/notifications/75039674955","topic":"payment"}

2024-03-29 22:56:00 - Solicitud no auténtica: 
{"resource":"https://api.mercadolibre.com/merchant_orders/17140752674","topic":"merchant_order"}

2024-03-29 22:56:13 - Solicitud no auténtica: 
{"action":"payment.created","api_version":"v1","data":{"id":"1322148071"},"date_created":"2024-03-29T20:55:41Z","id":112105625163,"live_mode":false,"type":"payment","user_id":"1736789621"}

2024-03-29 23:01:25 - Solicitud no auténtica: 
{"resource":"https://api.mercadolibre.com/collections/notifications/75125716120","topic":"payment"}

2024-03-29 23:01:43 - Solicitud no auténtica: 
{"action":"payment.created","api_version":"v1","data":{"id":"1322148141"},"date_created":"2024-03-29T21:03:00Z","id":112105679823,"live_mode":false,"type":"payment","user_id":"1736789621"}

2024-03-29 23:01:56 - Solicitud no auténtica: 
{"resource":"https://api.mercadolibre.com/merchant_orders/17144070513","topic":"merchant_order"}

2024-03-29 23:02:10 - Solicitud no auténtica: 
{"resource":"https://api.mercadolibre.com/merchant_orders/17134579179","topic":"merchant_order"}

2024-03-29 23:02:18 - Solicitud no auténtica: 
{"action":"payment.updated","api_version":"v1","data":{"id":"1317671364"},"date_created":"2024-03-30T03:04:51Z","id":112136954562,"live_mode":false,"type":"payment","user_id":"1736789621"}

2024-03-29 23:02:26 - Solicitud no auténtica: 
{"action":"payment.updated","api_version":"v1","data":{"id":"75125716120"},"date_created":"2024-03-27T20:53:19Z","id":112105713341,"live_mode":true,"type":"payment","user_id":"295919084"}

2024-03-29 23:02:28 - Solicitud no auténtica: 
{"resource":"https://api.mercadolibre.com/merchant_orders/17071875027","topic":"merchant_order"}

2024-03-29 23:05:20 - Solicitud no auténtica: 
{"resource":"https://api.mercadolibre.com/collections/notifications/74653904639","topic":"payment"}

2024-03-29 23:05:42 - Solicitud no auténtica: 
{"action":"payment.created","api_version":"v1","data":{"id":"1322148173"},"date_created":"2024-03-29T21:06:27Z","id":112105723833,"live_mode":false,"type":"payment","user_id":"1736789621"}

2024-03-29 23:06:14 - Solicitud no auténtica: 
{"resource":"https://api.mercadolibre.com/merchant_orders/17141035636","topic":"merchant_order"}

2024-03-29 23:06:38 - Solicitud no auténtica: 
{"action":"payment.created","api_version":"v1","data":{"id":"74882814672"},"date_created":"2024-03-23T20:07:32Z","id":112105757943,"live_mode":true,"type":"payment","user_id":"1736789621"}

2024-03-29 23:06:58 - Solicitud no auténtica: 
{"action":"payment.created","api_version":"v1","data":{"id":"74654345277"},"date_created":"2024-03-23T20:11:25Z","id":112137034594,"live_mode":true,"type":"payment","user_id":"1736789621"}

2024-03-29 23:07:09 - Solicitud no auténtica: 
{"resource":"https://api.mercadolibre.com/collections/notifications/74883165668","topic":"payment"}

2024-03-29 23:08:57 - Solicitud no auténtica: 
{"action":"payment.created","api_version":"v1","data":{"id":"74883506310"},"date_created":"2024-03-23T20:18:19Z","id":112137060006,"live_mode":true,"type":"payment","user_id":"1736789621"}

2024-03-29 23:10:32 - Solicitud no auténtica: 
{"resource":"https://api.mercadolibre.com/merchant_orders/16959535372","topic":"merchant_order"}

2024-03-29 23:12:40 - Solicitud no auténtica: 
{"resource":"https://api.mercadolibre.com/collections/notifications/74656754701","topic":"payment"}

2024-03-29 23:15:56 - Solicitud no auténtica: 
{"resource":"https://api.mercadolibre.com/merchant_orders/17134960531","topic":"merchant_order"}

2024-03-29 23:16:28 - Solicitud no auténtica: 
{"action":"payment.created","api_version":"v1","data":{"id":"1322148217"},"date_created":"2024-03-29T21:17:41Z","id":112137168320,"live_mode":false,"type":"payment","user_id":"1736789621"}

2024-03-29 23:17:06 - Solicitud no auténtica: 
{"resource":"https://api.mercadolibre.com/collections/notifications/74883326622","topic":"payment"}

2024-03-29 23:18:49 - Solicitud no auténtica: 
{"resource":"https://api.mercadolibre.com/merchant_orders/16954841417","topic":"merchant_order"}

2024-03-29 23:20:50 - Solicitud no auténtica: 
{"resource":"https://api.mercadolibre.com/collections/notifications/74654685501","topic":"payment"}

2024-03-29 23:24:23 - Solicitud no auténtica: 
{"resource":"https://api.mercadolibre.com/merchant_orders/16961515262","topic":"merchant_order"}

2024-03-29 23:24:33 - Solicitud no auténtica: 
{"resource":"https://api.mercadolibre.com/collections/notifications/74882814672","topic":"payment"}

2024-03-29 23:25:52 - Solicitud no auténtica: 
{"resource":"https://api.mercadolibre.com/merchant_orders/16954950499","topic":"merchant_order"}

2024-03-29 23:26:19 - Solicitud no auténtica: 
{"action":"payment.created","api_version":"v1","data":{"id":"1317669986"},"date_created":"2024-03-29T21:25:21Z","id":112137297204,"live_mode":false,"type":"payment","user_id":"1736789621"}

2024-03-29 23:26:43 - Solicitud no auténtica: 
{"action":"payment.created","api_version":"v1","data":{"id":"1317670030"},"date_created":"2024-03-29T21:29:01Z","id":112137313196,"live_mode":false,"type":"payment","user_id":"1736789621"}

2024-03-29 23:26:51 - Solicitud no auténtica: 
{"resource":"https://api.mercadolibre.com/merchant_orders/17141532000","topic":"merchant_order"}

2024-03-29 23:27:49 - Solicitud no auténtica: 
{"resource":"https://api.mercadolibre.com/merchant_orders/16961411916","topic":"merchant_order"}

2024-03-29 23:31:26 - Solicitud no auténtica: 
{"resource":"https://api.mercadolibre.com/collections/notifications/74656867783","topic":"payment"}

2024-03-29 23:31:29 - Solicitud no auténtica: 
{"resource":"https://api.mercadolibre.com/merchant_orders/17135265873","topic":"merchant_order"}

2024-03-29 23:35:56 - Solicitud no auténtica: 
{"action":"payment.created","api_version":"v1","data":{"id":"1322151167"},"date_created":"2024-03-30T04:35:55Z","id":112106170049,"live_mode":false,"type":"payment","user_id":"1736789621"}

2024-03-29 23:35:57 - Solicitud no auténtica: 
{"action":"payment.created","api_version":"v1","data":{"id":"1322151167"},"date_created":"2024-03-30T04:35:55Z","id":112106166177,"live_mode":false,"type":"payment","user_id":"1736789621"}

2024-03-29 23:36:55 - Solicitud no auténtica: 
{"resource":"https://api.mercadolibre.com/collections/notifications/74887063224","topic":"payment"}

2024-03-29 23:39:37 - Solicitud no auténtica: 
{"resource":"https://api.mercadolibre.com/merchant_orders/16955346715","topic":"merchant_order"}

2024-03-29 23:41:06 - Solicitud no auténtica: 
{"resource":"https://api.mercadolibre.com/merchant_orders/16961010094","topic":"merchant_order"}

2024-03-29 23:45:03 - Solicitud no auténtica: 
{"resource":"https://api.mercadolibre.com/collections/notifications/74884378246","topic":"payment"}

2024-03-29 23:45:55 - Solicitud no auténtica: 
{"resource":"https://api.mercadolibre.com/merchant_orders/16954252273","topic":"merchant_order"}

2024-03-29 23:47:48 - Solicitud no auténtica: 
{"action":"payment.created","api_version":"v1","data":{"id":"1317671692"},"date_created":"2024-03-30T04:47:46Z","id":112137572102,"live_mode":false,"type":"payment","user_id":"1736789621"}

2024-03-29 23:47:48 - Solicitud no auténtica: 
{"action":"payment.created","api_version":"v1","data":{"id":"1317671692"},"date_created":"2024-03-30T04:47:46Z","id":112106283011,"live_mode":false,"type":"payment","user_id":"1736789621"}

2024-03-29 23:48:43 - Solicitud no auténtica: 
{"action":"payment.created","api_version":"v1","data":{"id":"1317671700"},"date_created":"2024-03-30T04:48:42Z","id":112137565590,"live_mode":false,"type":"payment","user_id":"1736789621"}

2024-03-29 23:48:44 - Solicitud no auténtica: 
{"action":"payment.created","api_version":"v1","data":{"id":"1317671700"},"date_created":"2024-03-30T04:48:42Z","id":112106289001,"live_mode":false,"type":"payment","user_id":"1736789621"}

2024-03-29 23:49:02 - Solicitud no auténtica: 
{"resource":"https://api.mercadolibre.com/merchant_orders/16961411916","topic":"merchant_order"}

2024-03-29 23:49:06 - Solicitud no auténtica: 
{"resource":"https://api.mercadolibre.com/merchant_orders/16961549164","topic":"merchant_order"}

2024-03-29 23:53:06 - Solicitud no auténtica: 
{"action":"payment.created","api_version":"v1","data":{"id":"74887063224"},"date_created":"2024-03-23T21:14:13Z","id":112137623384,"live_mode":true,"type":"payment","user_id":"1736789621"}

2024-03-29 23:54:14 - Solicitud no auténtica: 
{"action":"payment.created","api_version":"v1","data":{"id":"74656754701"},"date_created":"2024-03-23T20:50:17Z","id":112106383301,"live_mode":true,"type":"payment","user_id":"1734060269"}

2024-03-29 23:56:02 - Solicitud no auténtica: 
{"action":"payment.created","api_version":"v1","data":{"id":"1322151167"},"date_created":"2024-03-30T04:35:55Z","id":112106406415,"live_mode":false,"type":"payment","user_id":"1736789621"}

2024-03-29 23:56:03 - Solicitud no auténtica: 
{"action":"payment.created","api_version":"v1","data":{"id":"1317670154"},"date_created":"2024-03-29T21:55:17Z","id":112106401501,"live_mode":false,"type":"payment","user_id":"1736789621"}

2024-03-29 23:56:20 - Solicitud no auténtica: 
{"resource":"https://api.mercadolibre.com/merchant_orders/17135993335","topic":"merchant_order"}

2024-03-29 23:57:35 - Solicitud no auténtica: 
{"resource":"https://api.mercadolibre.com/merchant_orders/16953684203","topic":"merchant_order"}

2024-03-29 23:58:03 - Solicitud no auténtica: 
{"resource":"https://api.mercadolibre.com/merchant_orders/16954717815","topic":"merchant_order"}

2024-03-30 00:03:52 - Solicitud no auténtica: 
{"action":"payment.created","api_version":"v1","data":{"id":"1317671740"},"date_created":"2024-03-30T05:03:49Z","id":112137725050,"live_mode":false,"type":"payment","user_id":"1736789621"}

2024-03-30 00:03:53 - Solicitud no auténtica: 
{"action":"payment.created","api_version":"v1","data":{"id":"1317671740"},"date_created":"2024-03-30T05:03:49Z","id":112106445043,"live_mode":false,"type":"payment","user_id":"1736789621"}

2024-03-30 00:04:14 - Solicitud no auténtica: 
{"action":"payment.updated","api_version":"v1","data":{"id":"74884378246"},"date_created":"2024-03-23T20:33:56Z","id":112137736158,"live_mode":true,"type":"payment","user_id":"1736789621"}

2024-03-30 00:05:27 - Solicitud no auténtica: 
{"action":"payment.created","api_version":"v1","data":{"id":"1317671692"},"date_created":"2024-03-30T04:47:46Z","id":112106500641,"live_mode":false,"type":"payment","user_id":"1736789621"}

2024-03-30 00:05:50 - Solicitud no auténtica: 
{"action":"payment.created","api_version":"v1","data":{"id":"1317671700"},"date_created":"2024-03-30T04:48:42Z","id":112106501255,"live_mode":false,"type":"payment","user_id":"1736789621"}

2024-03-30 00:09:07 - Solicitud no auténtica: 
{"resource":"https://api.mercadolibre.com/merchant_orders/16961877088","topic":"merchant_order"}

2024-03-30 00:10:26 - Solicitud no auténtica: 
{"resource":"https://api.mercadolibre.com/merchant_orders/16961616912","topic":"merchant_order"}

2024-03-30 00:10:27 - Solicitud no auténtica: 
{"resource":"https://api.mercadolibre.com/merchant_orders/16955384527","topic":"merchant_order"}

2024-03-30 00:12:15 - Solicitud no auténtica: 
{"action":"payment.created","api_version":"v1","data":{"id":"74656867783"},"date_created":"2024-03-23T20:52:10Z","id":112106576937,"live_mode":true,"type":"payment","user_id":"1734060269"}

2024-03-30 00:14:10 - Solicitud no auténtica: 
{"resource":"https://api.mercadolibre.com/merchant_orders/16961163008","topic":"merchant_order"}

2024-03-30 00:16:34 - Solicitud no auténtica: 
{"resource":"https://api.mercadolibre.com/merchant_orders/16955661039","topic":"merchant_order"}

2024-03-30 00:17:44 - Solicitud no auténtica: 
{"resource":"https://api.mercadolibre.com/merchant_orders/16961813824","topic":"merchant_order"}

2024-03-30 00:20:56 - Solicitud no auténtica: 
{"resource":"https://api.mercadolibre.com/collections/notifications/74887473750","topic":"payment"}

2024-03-30 00:21:30 - Solicitud no auténtica: 
{"resource":"https://api.mercadolibre.com/merchant_orders/17136767367","topic":"merchant_order"}

2024-03-30 00:21:57 - Solicitud no auténtica: 
{"action":"payment.created","api_version":"v1","data":{"id":"1317671740"},"date_created":"2024-03-30T05:03:49Z","id":112137933868,"live_mode":false,"type":"payment","user_id":"1736789621"}

2024-03-30 00:21:59 - Solicitud no auténtica: 
{"action":"payment.created","api_version":"v1","data":{"id":"1322148573"},"date_created":"2024-03-29T22:21:46Z","id":112106689737,"live_mode":false,"type":"payment","user_id":"1736789621"}

2024-03-30 00:22:27 - Solicitud no auténtica: 
{"action":"payment.created","api_version":"v1","data":{"id":"74658490869"},"date_created":"2024-03-23T21:16:37Z","id":112106696587,"live_mode":true,"type":"payment","user_id":"1736789621"}

2024-03-30 00:22:48 - Solicitud no auténtica: 
{"resource":"https://api.mercadolibre.com/collections/notifications/74887560448","topic":"payment"}

2024-03-30 00:26:16 - Solicitud no auténtica: 
{"resource":"https://api.mercadolibre.com/merchant_orders/17143329614","topic":"merchant_order"}

2024-03-30 00:26:17 - Solicitud no auténtica: 
{"action":"payment.created","api_version":"v1","data":{"id":"1322148607"},"date_created":"2024-03-29T22:28:14Z","id":112137968916,"live_mode":false,"type":"payment","user_id":"1736789621"}

2024-03-30 00:27:33 - Solicitud no auténtica: 
{"action":"payment.created","api_version":"v1","data":{"id":"74887567452"},"date_created":"2024-03-23T21:21:34Z","id":112106745135,"live_mode":true,"type":"payment","user_id":"1736789621"}

2024-03-30 00:28:35 - Solicitud no auténtica: 
{"resource":"https://api.mercadolibre.com/collections/notifications/74887567452","topic":"payment"}

2024-03-30 00:29:05 - Solicitud no auténtica: 
{"action":"payment.created","api_version":"v1","data":{"id":"74887473750"},"date_created":"2024-03-23T21:20:26Z","id":112137995818,"live_mode":true,"type":"payment","user_id":"1736789621"}

2024-03-30 00:29:35 - Solicitud no auténtica: 
{"resource":"https://api.mercadolibre.com/merchant_orders/16955833471","topic":"merchant_order"}

2024-03-30 00:30:51 - Solicitud no auténtica: 
{"resource":"https://api.mercadolibre.com/merchant_orders/17143386918","topic":"merchant_order"}

2024-03-30 00:31:06 - Solicitud no auténtica: 
{"action":"payment.created","api_version":"v1","data":{"id":"1322148615"},"date_created":"2024-03-29T22:30:23Z","id":112106767479,"live_mode":false,"type":"payment","user_id":"1736789621"}

2024-03-30 00:31:12 - Solicitud no auténtica: 
{"resource":"https://api.mercadolibre.com/collections/notifications/74658490869","topic":"payment"}

2024-03-30 00:31:38 - Solicitud no auténtica: 
{"action":"payment.created","api_version":"v1","data":{"id":"1322151167"},"date_created":"2024-03-30T04:35:55Z","id":112138027858,"live_mode":false,"type":"payment","user_id":"1736789621"}

2024-03-30 00:32:32 - Solicitud no auténtica: 
{"action":"payment.created","api_version":"v1","data":{"id":"74660317789"},"date_created":"2024-03-23T21:42:48Z","id":112138034422,"live_mode":true,"type":"payment","user_id":"1736789621"}

2024-03-30 00:37:12 - Solicitud no auténtica: 
{"resource":"https://api.mercadolibre.com/merchant_orders/17137252973","topic":"merchant_order"}

2024-03-30 00:37:14 - Solicitud no auténtica: 
{"action":"payment.created","api_version":"v1","data":{"id":"1322148683"},"date_created":"2024-03-29T22:38:03Z","id":112106843433,"live_mode":false,"type":"payment","user_id":"1736789621"}

2024-03-30 00:37:19 - Solicitud no auténtica: 
{"resource":"https://api.mercadolibre.com/merchant_orders/17137199045","topic":"merchant_order"}

2024-03-30 00:37:38 - Solicitud no auténtica: 
{"action":"payment.created","api_version":"v1","data":{"id":"1317670350"},"date_created":"2024-03-29T22:35:59Z","id":112106860793,"live_mode":false,"type":"payment","user_id":"1736789621"}

2024-03-30 00:40:16 - Solicitud no auténtica: 
{"action":"payment.created","api_version":"v1","data":{"id":"1317671700"},"date_created":"2024-03-30T04:48:42Z","id":112138119254,"live_mode":false,"type":"payment","user_id":"1736789621"}

2024-03-30 00:41:04 - Solicitud no auténtica: 
{"resource":"https://api.mercadolibre.com/merchant_orders/17137366169","topic":"merchant_order"}

2024-03-30 00:41:10 - Solicitud no auténtica: 
{"action":"payment.created","api_version":"v1","data":{"id":"1317671692"},"date_created":"2024-03-30T04:47:46Z","id":112106906909,"live_mode":false,"type":"payment","user_id":"1736789621"}

2024-03-30 00:41:19 - Solicitud no auténtica: 
{"action":"payment.created","api_version":"v1","data":{"id":"1317670366"},"date_created":"2024-03-29T22:41:24Z","id":112138148320,"live_mode":false,"type":"payment","user_id":"1736789621"}

2024-03-30 00:46:11 - Solicitud no auténtica: 
{"action":"payment.created","api_version":"v1","data":{"id":"1317670408"},"date_created":"2024-03-29T22:46:59Z","id":112106944447,"live_mode":false,"type":"payment","user_id":"1736789621"}

2024-03-30 00:46:41 - Solicitud no auténtica: 
{"resource":"https://api.mercadolibre.com/merchant_orders/17137547251","topic":"merchant_order"}

2024-03-30 00:47:42 - Solicitud no auténtica: 
{"resource":"https://api.mercadolibre.com/merchant_orders/16955790849","topic":"merchant_order"}

2024-03-30 00:54:30 - Solicitud no auténtica: 
{"action":"payment.created","api_version":"v1","data":{"id":"74890087726"},"date_created":"2024-03-23T21:58:33Z","id":112107011413,"live_mode":true,"type":"payment","user_id":"1736789621"}

2024-03-30 00:54:33 - Solicitud no auténtica: 
{"action":"payment.created","api_version":"v1","data":{"id":"74890018798"},"date_created":"2024-03-23T21:57:11Z","id":112107013419,"live_mode":true,"type":"payment","user_id":"1736789621"}

2024-03-30 00:55:17 - Solicitud no auténtica: 
{"action":"payment.created","api_version":"v1","data":{"id":"1317671740"},"date_created":"2024-03-30T05:03:49Z","id":112106997343,"live_mode":false,"type":"payment","user_id":"1736789621"}

2024-03-30 00:56:01 - Solicitud no auténtica: 
{"resource":"https://api.mercadolibre.com/merchant_orders/17144166352","topic":"merchant_order"}

2024-03-30 00:56:10 - Solicitud no auténtica: 
{"action":"payment.created","api_version":"v1","data":{"id":"1322148855"},"date_created":"2024-03-29T22:57:08Z","id":112107034129,"live_mode":false,"type":"payment","user_id":"1736789621"}

2024-03-30 00:56:21 - Solicitud no auténtica: 
{"action":"payment.updated","api_version":"v1","data":{"id":"1322148819"},"date_created":"2024-03-29T22:55:06Z","id":112107033471,"live_mode":false,"type":"payment","user_id":"1736789621"}

2024-03-30 00:56:30 - Solicitud no auténtica: 
{"resource":"https://api.mercadolibre.com/merchant_orders/17144226892","topic":"merchant_order"}

2024-03-30 00:58:17 - Solicitud no auténtica: 
{"action":"payment.created","api_version":"v1","data":{"id":"74887560448"},"date_created":"2024-03-23T21:20:46Z","id":112107048897,"live_mode":true,"type":"payment","user_id":"1736789621"}

2024-03-30 00:59:44 - Solicitud no auténtica: 
{"action":"payment.created","api_version":"v1","data":{"id":"74888830858"},"date_created":"2024-03-23T21:39:16Z","id":112138300822,"live_mode":true,"type":"payment","user_id":"1736789621"}

2024-03-30 01:11:49 - Solicitud no auténtica: 
{"action":"payment.created","api_version":"v1","data":{"id":"74660508409"},"date_created":"2024-03-23T21:45:06Z","id":112107152787,"live_mode":true,"type":"payment","user_id":"1736789621"}

2024-03-30 01:14:20 - Solicitud no auténtica: 
{"action":"payment.created","api_version":"v1","data":{"id":"1322151357"},"date_created":"2024-03-30T06:14:19Z","id":112107186467,"live_mode":false,"type":"payment","user_id":"1736789621"}

2024-03-30 01:14:20 - Solicitud no auténtica: 
{"action":"payment.created","api_version":"v1","data":{"id":"1322151357"},"date_created":"2024-03-30T06:14:19Z","id":112138384478,"live_mode":false,"type":"payment","user_id":"1736789621"}

2024-03-30 01:14:28 - Solicitud no auténtica: 
{"action":"payment.created","api_version":"v1","data":{"id":"74662041879"},"date_created":"2024-03-23T22:06:34Z","id":112138438994,"live_mode":true,"type":"payment","user_id":"1736789621"}

2024-03-30 01:17:02 - Solicitud no auténtica: 
{"action":"payment.created","api_version":"v1","data":{"id":"74660405569"},"date_created":"2024-03-23T21:44:03Z","id":112107224227,"live_mode":true,"type":"payment","user_id":"1736789621"}

2024-03-30 01:17:32 - Solicitud no auténtica: 
{"action":"payment.created","api_version":"v1","data":{"id":"74661721291"},"date_created":"2024-03-23T22:01:22Z","id":112138471238,"live_mode":true,"type":"payment","user_id":"1736789621"}

2024-03-30 01:21:07 - Solicitud no auténtica: 
{"action":"payment.created","api_version":"v1","data":{"id":"74890746044"},"date_created":"2024-03-23T22:07:01Z","id":112138487982,"live_mode":true,"type":"payment","user_id":"1736789621"}

2024-03-30 01:24:41 - Solicitud no auténtica: 
{"action":"payment.created","api_version":"v1","data":{"id":"74890309984"},"date_created":"2024-03-23T22:01:56Z","id":112107275161,"live_mode":true,"type":"payment","user_id":"1736789621"}

2024-03-30 01:25:29 - Solicitud no auténtica: 
{"action":"payment.created","api_version":"v1","data":{"id":"75273741448"},"date_created":"2024-03-30T06:25:27Z","id":112138503848,"live_mode":true,"type":"payment","user_id":"295919084"}

2024-03-30 01:25:31 - Solicitud no auténtica: 
{"action":"payment.created","api_version":"v1","data":{"id":"74890728356"},"date_created":"2024-03-23T22:06:01Z","id":112138527824,"live_mode":true,"type":"payment","user_id":"1736789621"}

2024-03-30 01:26:30 - Solicitud no auténtica: 
{"action":"payment.created","api_version":"v1","data":{"id":"75273741448"},"date_created":"2024-03-30T06:25:27Z","id":112138525140,"live_mode":true,"type":"payment","user_id":"295919084"}

2024-03-30 01:26:31 - Solicitud no auténtica: 
{"action":"payment.created","api_version":"v1","data":{"id":"75273741448"},"date_created":"2024-03-30T06:25:27Z","id":112107282275,"live_mode":true,"type":"payment","user_id":"295919084"}

2024-03-30 01:26:32 - Solicitud no auténtica: 
{"action":"payment.updated","api_version":"v1","data":{"id":"75273741448"},"date_created":"2024-03-30T06:25:27Z","id":112107286865,"live_mode":true,"type":"payment","user_id":"295919084"}

2024-03-30 01:26:32 - Solicitud no auténtica: 
{"action":"payment.updated","api_version":"v1","data":{"id":"75273741448"},"date_created":"2024-03-30T06:25:27Z","id":112107276353,"live_mode":true,"type":"payment","user_id":"295919084"}

2024-03-30 01:26:52 - Solicitud no auténtica: 
{"action":"payment.created","api_version":"v1","data":{"id":"74663615049"},"date_created":"2024-03-23T22:27:47Z","id":112138550728,"live_mode":true,"type":"payment","user_id":"1736789621"}

2024-03-30 01:28:42 - Solicitud no auténtica: 
{"action":"payment.created","api_version":"v1","data":{"id":"74662721191"},"date_created":"2024-03-23T22:16:18Z","id":112107322173,"live_mode":true,"type":"payment","user_id":"1736789621"}

2024-03-30 01:29:59 - Solicitud no auténtica: 
{"action":"payment.created","api_version":"v1","data":{"id":"74660246299"},"date_created":"2024-03-23T21:40:49Z","id":112107327449,"live_mode":true,"type":"payment","user_id":"1736789621"}

2024-03-30 01:31:48 - Solicitud no auténtica: 
{"action":"payment.created","api_version":"v1","data":{"id":"1322151357"},"date_created":"2024-03-30T06:14:19Z","id":112107346757,"live_mode":false,"type":"payment","user_id":"1736789621"}

2024-03-30 01:36:45 - Solicitud no auténtica: 
{"action":"payment.created","api_version":"v1","data":{"id":"74890228200"},"date_created":"2024-03-23T21:59:45Z","id":112138627084,"live_mode":true,"type":"payment","user_id":"1736789621"}

2024-03-30 01:39:57 - Solicitud no auténtica: 
{"action":"payment.created","api_version":"v1","data":{"id":"74891520462"},"date_created":"2024-03-23T22:16:59Z","id":112138654062,"live_mode":true,"type":"payment","user_id":"1736789621"}

2024-03-30 01:43:45 - Solicitud no auténtica: 
{"action":"payment.created","api_version":"v1","data":{"id":"75043313665"},"date_created":"2024-03-30T06:43:43Z","id":112138661748,"live_mode":true,"type":"payment","user_id":"295919084"}

2024-03-30 01:44:21 - Solicitud no auténtica: 
{"action":"payment.created","api_version":"v1","data":{"id":"74662541677"},"date_created":"2024-03-23T22:14:29Z","id":112107443113,"live_mode":true,"type":"payment","user_id":"1736789621"}

2024-03-30 01:44:41 - Solicitud no auténtica: 
{"action":"payment.updated","api_version":"v1","data":{"id":"75043313665"},"date_created":"2024-03-30T06:43:43Z","id":112107435061,"live_mode":true,"type":"payment","user_id":"295919084"}

2024-03-30 01:44:41 - Solicitud no auténtica: 
{"action":"payment.updated","api_version":"v1","data":{"id":"75043313665"},"date_created":"2024-03-30T06:43:43Z","id":112138648730,"live_mode":true,"type":"payment","user_id":"295919084"}

2024-03-30 01:45:18 - Solicitud no auténtica: 
{"action":"payment.updated","api_version":"v1","data":{"id":"75273741448"},"date_created":"2024-03-30T06:25:27Z","id":112138680420,"live_mode":true,"type":"payment","user_id":"295919084"}

2024-03-30 01:46:42 - Solicitud no auténtica: 
{"action":"payment.created","api_version":"v1","data":{"id":"75273974400"},"date_created":"2024-03-30T06:46:40Z","id":112138716232,"live_mode":true,"type":"payment","user_id":"295919084"}

2024-03-30 01:47:06 - Solicitud no auténtica: 
{"action":"payment.created","api_version":"v1","data":{"id":"74661805517"},"date_created":"2024-03-23T22:02:51Z","id":112107475131,"live_mode":true,"type":"payment","user_id":"1736789621"}

2024-03-30 01:47:35 - Solicitud no auténtica: 
{"action":"payment.updated","api_version":"v1","data":{"id":"75273974400"},"date_created":"2024-03-30T06:46:40Z","id":112138703452,"live_mode":true,"type":"payment","user_id":"295919084"}

2024-03-30 01:47:36 - Solicitud no auténtica: 
{"action":"payment.updated","api_version":"v1","data":{"id":"75273974400"},"date_created":"2024-03-30T06:46:40Z","id":112138649066,"live_mode":true,"type":"payment","user_id":"295919084"}

2024-03-30 01:55:18 - Solicitud no auténtica: 
{"action":"payment.created","api_version":"v1","data":{"id":"74663221261"},"date_created":"2024-03-23T22:22:20Z","id":112138774628,"live_mode":true,"type":"payment","user_id":"1736789621"}

2024-03-30 02:00:16 - Solicitud no auténtica: 
{"action":"payment.created","api_version":"v1","data":{"id":"75274055020"},"date_created":"2024-03-30T07:00:15Z","id":112107559615,"live_mode":true,"type":"payment","user_id":"295919084"}

2024-03-30 02:00:43 - Solicitud no auténtica: 
{"action":"payment.updated","api_version":"v1","data":{"id":"75043313665"},"date_created":"2024-03-30T06:43:43Z","id":112138797514,"live_mode":true,"type":"payment","user_id":"295919084"}

2024-03-30 02:01:01 - Solicitud no auténtica: 
{"action":"payment.updated","api_version":"v1","data":{"id":"75274055020"},"date_created":"2024-03-30T07:00:15Z","id":112107561837,"live_mode":true,"type":"payment","user_id":"295919084"}

2024-03-30 02:01:02 - Solicitud no auténtica: 
{"action":"payment.updated","api_version":"v1","data":{"id":"75274055020"},"date_created":"2024-03-30T07:00:15Z","id":112107546417,"live_mode":true,"type":"payment","user_id":"295919084"}

2024-03-30 02:01:03 - Solicitud no auténtica: 
{"resource":"https://api.mercadolibre.com/merchant_orders/17139943003","topic":"merchant_order"}

2024-03-30 02:01:04 - Solicitud no auténtica: 
{"action":"payment.created","api_version":"v1","data":{"id":"1317670826"},"date_created":"2024-03-30T00:01:06Z","id":112107579559,"live_mode":false,"type":"payment","user_id":"1736789621"}

2024-03-30 02:01:22 - Solicitud no auténtica: 
{"action":"payment.created","api_version":"v1","data":{"id":"1317670850"},"date_created":"2024-03-30T00:04:42Z","id":112138832532,"live_mode":false,"type":"payment","user_id":"1736789621"}

2024-03-30 02:01:28 - Solicitud no auténtica: 
{"action":"payment.created","api_version":"v1","data":{"id":"1322149263"},"date_created":"2024-03-30T00:03:05Z","id":112107586785,"live_mode":false,"type":"payment","user_id":"1736789621"}

2024-03-30 02:01:49 - Solicitud no auténtica: 
{"resource":"https://api.mercadolibre.com/merchant_orders/17146246258","topic":"merchant_order"}

2024-03-30 02:02:21 - Solicitud no auténtica: 
{"action":"payment.updated","api_version":"v1","data":{"id":"74895544988"},"date_created":"2024-03-23T23:12:35Z","id":112138841270,"live_mode":true,"type":"payment","user_id":"1736789621"}

2024-03-30 02:06:14 - Solicitud no auténtica: 
{"action":"payment.created","api_version":"v1","data":{"id":"1322151357"},"date_created":"2024-03-30T06:14:19Z","id":112107593483,"live_mode":false,"type":"payment","user_id":"1736789621"}

2024-03-30 02:06:18 - Solicitud no auténtica: 
{"action":"payment.updated","api_version":"v1","data":{"id":"75273974400"},"date_created":"2024-03-30T06:46:40Z","id":112107593571,"live_mode":true,"type":"payment","user_id":"295919084"}

2024-03-30 02:06:24 - Solicitud no auténtica: 
{"action":"payment.created","api_version":"v1","data":{"id":"1322149271"},"date_created":"2024-03-30T00:06:09Z","id":112138839276,"live_mode":false,"type":"payment","user_id":"1736789621"}

2024-03-30 02:07:38 - Solicitud no auténtica: 
{"action":"payment.created","api_version":"v1","data":{"id":"1317670872"},"date_created":"2024-03-30T00:09:55Z","id":112107638911,"live_mode":false,"type":"payment","user_id":"1736789621"}

2024-03-30 02:07:46 - Solicitud no auténtica: 
{"resource":"https://api.mercadolibre.com/merchant_orders/17146354466","topic":"merchant_order"}

2024-03-30 02:07:48 - Solicitud no auténtica: 
{"resource":"https://api.mercadolibre.com/merchant_orders/17140029975","topic":"merchant_order"}

2024-03-30 02:11:17 - Solicitud no auténtica: 
{"action":"payment.created","api_version":"v1","data":{"id":"75043516141"},"date_created":"2024-03-30T07:11:15Z","id":112107656211,"live_mode":true,"type":"payment","user_id":"295919084"}

2024-03-30 02:11:36 - Solicitud no auténtica: 
{"action":"payment.updated","api_version":"v1","data":{"id":"1322149343"},"date_created":"2024-03-30T00:12:51Z","id":112107670493,"live_mode":false,"type":"payment","user_id":"1736789621"}

2024-03-30 02:12:04 - Solicitud no auténtica: 
{"resource":"https://api.mercadolibre.com/merchant_orders/17140143621","topic":"merchant_order"}

2024-03-30 02:12:17 - Solicitud no auténtica: 
{"resource":"https://api.mercadolibre.com/merchant_orders/17146596676","topic":"merchant_order"}

2024-03-30 02:12:18 - Solicitud no auténtica: 
{"action":"payment.created","api_version":"v1","data":{"id":"75043516141"},"date_created":"2024-03-30T07:11:15Z","id":112107660445,"live_mode":true,"type":"payment","user_id":"295919084"}

2024-03-30 02:12:18 - Solicitud no auténtica: 
{"action":"payment.created","api_version":"v1","data":{"id":"75043516141"},"date_created":"2024-03-30T07:11:15Z","id":112107571265,"live_mode":true,"type":"payment","user_id":"295919084"}

2024-03-30 02:12:25 - Solicitud no auténtica: 
{"action":"payment.updated","api_version":"v1","data":{"id":"75043516141"},"date_created":"2024-03-30T07:11:15Z","id":112138910404,"live_mode":true,"type":"payment","user_id":"295919084"}

2024-03-30 02:12:25 - Solicitud no auténtica: 
{"action":"payment.updated","api_version":"v1","data":{"id":"75043516141"},"date_created":"2024-03-30T07:11:15Z","id":112107571293,"live_mode":true,"type":"payment","user_id":"295919084"}

2024-03-30 02:13:58 - Solicitud no auténtica: 
{"action":"payment.created","api_version":"v1","data":{"id":"75274151858"},"date_created":"2024-03-30T07:13:56Z","id":112138928188,"live_mode":true,"type":"payment","user_id":"295919084"}

2024-03-30 02:14:59 - Solicitud no auténtica: 
{"action":"payment.created","api_version":"v1","data":{"id":"75274151858"},"date_created":"2024-03-30T07:13:56Z","id":112107686861,"live_mode":true,"type":"payment","user_id":"295919084"}

2024-03-30 02:14:59 - Solicitud no auténtica: 
{"action":"payment.created","api_version":"v1","data":{"id":"75274151858"},"date_created":"2024-03-30T07:13:56Z","id":112138900406,"live_mode":true,"type":"payment","user_id":"295919084"}

2024-03-30 02:15:08 - Solicitud no auténtica: 
{"action":"payment.updated","api_version":"v1","data":{"id":"75274151858"},"date_created":"2024-03-30T07:13:56Z","id":112138938090,"live_mode":true,"type":"payment","user_id":"295919084"}

2024-03-30 02:15:09 - Solicitud no auténtica: 
{"action":"payment.updated","api_version":"v1","data":{"id":"75274151858"},"date_created":"2024-03-30T07:13:56Z","id":112138900418,"live_mode":true,"type":"payment","user_id":"295919084"}

2024-03-30 02:17:35 - Solicitud no auténtica: 
{"action":"payment.updated","api_version":"v1","data":{"id":"74663808653"},"date_created":"2024-03-23T22:30:25Z","id":112107722439,"live_mode":true,"type":"payment","user_id":"1734060269"}

2024-03-30 02:20:31 - Solicitud no auténtica: 
{"action":"payment.updated","api_version":"v1","data":{"id":"75274055020"},"date_created":"2024-03-30T07:00:15Z","id":112138963080,"live_mode":true,"type":"payment","user_id":"295919084"}

2024-03-30 02:20:50 - Solicitud no auténtica: 
{"action":"payment.updated","api_version":"v1","data":{"id":"75273741448"},"date_created":"2024-03-30T06:25:27Z","id":112138965674,"live_mode":true,"type":"payment","user_id":"295919084"}

2024-03-30 02:21:00 - Solicitud no auténtica: 
{"resource":"https://api.mercadolibre.com/merchant_orders/17146817664","topic":"merchant_order"}

2024-03-30 02:22:04 - Solicitud no auténtica: 
{"action":"payment.created","api_version":"v1","data":{"id":"1322149985"},"date_created":"2024-03-30T00:20:31Z","id":112139002938,"live_mode":false,"type":"payment","user_id":"1736789621"}

2024-03-30 02:26:33 - Solicitud no auténtica: 
{"resource":"https://api.mercadolibre.com/collections/notifications/75141158944","topic":"payment"}

2024-03-30 02:26:41 - Solicitud no auténtica: 
{"resource":"https://api.mercadolibre.com/merchant_orders/17086313742","topic":"merchant_order"}

2024-03-30 02:26:44 - Solicitud no auténtica: 
{"action":"payment.updated","api_version":"v1","data":{"id":"75141158944"},"date_created":"2024-03-28T00:20:43Z","id":112139040632,"live_mode":true,"type":"payment","user_id":"295919084"}

2024-03-30 02:26:45 - Solicitud no auténtica: 
{"action":"payment.created","api_version":"v1","data":{"id":"1322150007"},"date_created":"2024-03-30T00:29:31Z","id":112139039146,"live_mode":false,"type":"payment","user_id":"1736789621"}

2024-03-30 02:26:45 - Solicitud no auténtica: 
{"action":"payment.created","api_version":"v1","data":{"id":"1322149443"},"date_created":"2024-03-30T00:27:49Z","id":112139041008,"live_mode":false,"type":"payment","user_id":"1736789621"}

2024-03-30 02:26:59 - Solicitud no auténtica: 
{"resource":"https://api.mercadolibre.com/merchant_orders/17147024496","topic":"merchant_order"}

2024-03-30 02:29:17 - Solicitud no auténtica: 
{"action":"payment.updated","api_version":"v1","data":{"id":"74664454481"},"date_created":"2024-03-23T22:40:10Z","id":112139057260,"live_mode":true,"type":"payment","user_id":"1736789621"}

2024-03-30 02:30:20 - Solicitud no auténtica: 
{"action":"payment.updated","api_version":"v1","data":{"id":"75043516141"},"date_created":"2024-03-30T07:11:15Z","id":112139044892,"live_mode":true,"type":"payment","user_id":"295919084"}

2024-03-30 02:31:22 - Solicitud no auténtica: 
{"resource":"https://api.mercadolibre.com/merchant_orders/17147106328","topic":"merchant_order"}

2024-03-30 02:31:29 - Solicitud no auténtica: 
{"action":"payment.created","api_version":"v1","data":{"id":"1322149459"},"date_created":"2024-03-30T00:30:44Z","id":112107830527,"live_mode":false,"type":"payment","user_id":"1736789621"}

2024-03-30 02:31:49 - Solicitud no auténtica: 
{"action":"payment.created","api_version":"v1","data":{"id":"1322149495"},"date_created":"2024-03-30T00:34:18Z","id":112139075892,"live_mode":false,"type":"payment","user_id":"1736789621"}

2024-03-30 02:31:55 - Solicitud no auténtica: 
{"resource":"https://api.mercadolibre.com/merchant_orders/17147072532","topic":"merchant_order"}

